# JRE version: Java(TM) SE Runtime Environment (11.0.1+13) (build 11.0.1+13-LTS)
# Java VM: Java HotSpot(TM) 64-Bit Server VM (11.0.1+13-LTS, mixed mode, tiered, compressed oops, g1 gc, windows-amd64)
Heap:
 garbage-first heap   total 286720K, used 259881K [0x0000000080000000, 0x0000000100000000)
  region size 1024K, 11 young (11264K), 2 survivors (2048K)
 Metaspace       used 156140K, capacity 160995K, committed 161360K, reserved 1189888K
  class space    used 19162K, capacity 20880K, committed 20992K, reserved 1048576K
GC Heap History (10 events):
Event: 9721.975 GC heap before
{Heap before GC invocations=348 (full 0):
 garbage-first heap   total 286720K, used 249168K [0x0000000080000000, 0x0000000100000000)
  region size 1024K, 18 young (18432K), 3 survivors (3072K)
 Metaspace       used 152774K, capacity 157492K, committed 157648K, reserved 1187840K
  class space    used 18642K, capacity 20277K, committed 20352K, reserved 1048576K
}
Event: 9721.992 GC heap after
{Heap after GC invocations=349 (full 0):
 garbage-first heap   total 286720K, used 237682K [0x0000000080000000, 0x0000000100000000)
  region size 1024K, 3 young (3072K), 3 survivors (3072K)
 Metaspace       used 152774K, capacity 157492K, committed 157648K, reserved 1187840K
  class space    used 18642K, capacity 20277K, committed 20352K, reserved 1048576K
}
Event: 9722.237 GC heap before
{Heap before GC invocations=350 (full 0):
 garbage-first heap   total 286720K, used 250994K [0x0000000080000000, 0x0000000100000000)
  region size 1024K, 16 young (16384K), 3 survivors (3072K)
 Metaspace       used 152903K, capacity 157621K, committed 157904K, reserved 1187840K
  class space    used 18665K, capacity 20277K, committed 20352K, reserved 1048576K
}
Event: 9722.248 GC heap after
{Heap after GC invocations=351 (full 0):
 garbage-first heap   total 286720K, used 240228K [0x0000000080000000, 0x0000000100000000)
  region size 1024K, 2 young (2048K), 2 survivors (2048K)
 Metaspace       used 152903K, capacity 157621K, committed 157904K, reserved 1187840K
  class space    used 18665K, capacity 20277K, committed 20352K, reserved 1048576K
}
Event: 9722.626 GC heap before
{Heap before GC invocations=351 (full 0):
 garbage-first heap   total 286720K, used 251492K [0x0000000080000000, 0x0000000100000000)
  region size 1024K, 14 young (14336K), 2 survivors (2048K)
 Metaspace       used 153833K, capacity 158628K, committed 158800K, reserved 1187840K
  class space    used 18828K, capacity 20465K, committed 20480K, reserved 1048576K
}
Event: 9722.644 GC heap after
{Heap after GC invocations=352 (full 0):
 garbage-first heap   total 286720K, used 242349K [0x0000000080000000, 0x0000000100000000)
  region size 1024K, 2 young (2048K), 2 survivors (2048K)
 Metaspace       used 153833K, capacity 158628K, committed 158800K, reserved 1187840K
  class space    used 18828K, capacity 20465K, committed 20480K, reserved 1048576K
}
Event: 9722.987 GC heap before
{Heap before GC invocations=352 (full 0):
 garbage-first heap   total 286720K, used 254637K [0x0000000080000000, 0x0000000100000000)
  region size 1024K, 14 young (14336K), 2 survivors (2048K)
 Metaspace       used 154469K, capacity 159286K, committed 159440K, reserved 1187840K
  class space    used 18939K, capacity 20598K, committed 20608K, reserved 1048576K
}
Event: 9723.002 GC heap after
{Heap after GC invocations=353 (full 0):
 garbage-first heap   total 286720K, used 244358K [0x0000000080000000, 0x0000000100000000)
  region size 1024K, 2 young (2048K), 2 survivors (2048K)
 Metaspace       used 154469K, capacity 159286K, committed 159440K, reserved 1187840K
  class space    used 18939K, capacity 20598K, committed 20608K, reserved 1048576K
}
Event: 9723.208 GC heap before
{Heap before GC invocations=353 (full 0):
 garbage-first heap   total 286720K, used 256646K [0x0000000080000000, 0x0000000100000000)
  region size 1024K, 14 young (14336K), 2 survivors (2048K)
 Metaspace       used 154599K, capacity 159354K, committed 159440K, reserved 1187840K
  class space    used 18946K, capacity 20598K, committed 20608K, reserved 1048576K
}
Event: 9723.217 GC heap after
{Heap after GC invocations=354 (full 0):
 garbage-first heap   total 286720K, used 246428K [0x0000000080000000, 0x0000000100000000)
  region size 1024K, 2 young (2048K), 2 survivors (2048K)
 Metaspace       used 154599K, capacity 159354K, committed 159440K, reserved 1187840K
  class space    used 18946K, capacity 20598K, committed 20608K, reserved 1048576K
}

